<?xml version="1.0" encoding="UTF-8"?>
<!-- Generated by org.testng.reporters.JUnitReportReporter -->
<testsuite skipped="0" hostname="60dbe3f9b0b9" name="com.searchmodule.tests.SearchTest" tests="4" failures="0" timestamp="17 Jun 2019 22:36:50 GMT" time="12.206" errors="0">
  <testcase name="search" time="2.544" classname="com.searchmodule.tests.SearchTest"/>
  <testcase name="search" time="4.434" classname="com.searchmodule.tests.SearchTest"/>
  <testcase name="search" time="2.681" classname="com.searchmodule.tests.SearchTest"/>
  <testcase name="search" time="2.547" classname="com.searchmodule.tests.SearchTest"/>
</testsuite> <!-- com.searchmodule.tests.SearchTest -->
