<?xml version="1.0" encoding="UTF-8"?>
<!-- Generated by org.testng.reporters.JUnitReportReporter -->
<testsuite skipped="0" hostname="7636db16cf16" name="com.searchmodule.tests.SearchTest" tests="4" failures="0" timestamp="17 Jun 2019 22:41:51 GMT" time="11.743" errors="0">
  <testcase name="search" time="2.587" classname="com.searchmodule.tests.SearchTest"/>
  <testcase name="search" time="3.120" classname="com.searchmodule.tests.SearchTest"/>
  <testcase name="search" time="2.951" classname="com.searchmodule.tests.SearchTest"/>
  <testcase name="search" time="3.085" classname="com.searchmodule.tests.SearchTest"/>
</testsuite> <!-- com.searchmodule.tests.SearchTest -->
