<?xml version="1.0" encoding="UTF-8"?>
<!-- Generated by org.testng.reporters.JUnitReportReporter -->
<testsuite skipped="0" hostname="c44839bdd70d" name="com.searchmodule.tests.SearchTest" tests="4" failures="0" timestamp="17 Jun 2019 22:41:44 GMT" time="13.120" errors="0">
  <testcase name="search" time="2.998" classname="com.searchmodule.tests.SearchTest"/>
  <testcase name="search" time="3.540" classname="com.searchmodule.tests.SearchTest"/>
  <testcase name="search" time="3.323" classname="com.searchmodule.tests.SearchTest"/>
  <testcase name="search" time="3.259" classname="com.searchmodule.tests.SearchTest"/>
</testsuite> <!-- com.searchmodule.tests.SearchTest -->
